[35m[Appium][39m Welcome to Appium v1.22.3
[35m[Appium][39m Non-default server args:
[35m[Appium][39m   port: 63952
[35m[Appium][39m   loglevel: info
[35m[Appium][39m   tmpDir: C:\Users\abyad\AppData\Local\Temp\\Katalon\Appium\Temp1703345584269
[35m[Appium][39m   chromedriverPort: 63953
[35m[Appium][39m Deprecated server args:
[35m[Appium][39m   [31m--chromedriver-port[39m => --default-capabilities
[35m[Appium][39m Default capabilities, which will be added to each request unless overridden by desired capabilities:
[35m[Appium][39m   chromedriverPort: 63953
[35m[Appium][39m Appium REST http interface listener started on 0.0.0.0:63952
[35m[HTTP][39m [37m-->[39m [37mGET[39m [37m/wd/hub/status[39m
[35m[HTTP][39m [90m{}[39m
[35m[HTTP][39m [37m<-- GET /wd/hub/status [39m[32m200[39m [90m8 ms - 68[39m
[35m[HTTP][39m [90m[39m
[35m[HTTP][39m [37m-->[39m [37mGET[39m [37m/wd/hub/status[39m
[35m[HTTP][39m [90m{}[39m
[35m[HTTP][39m [37m<-- GET /wd/hub/status [39m[32m200[39m [90m2 ms - 68[39m
[35m[HTTP][39m [90m[39m
[35m[HTTP][39m [37m-->[39m [37mPOST[39m [37m/wd/hub/session[39m
[35m[HTTP][39m [90m{"desiredCapabilities":{"appActivity":".Settings","appPackage":"com.android.settings","newCommandTimeout":1800,"platformVersion":"11","automationName":"uiautomator2","autoGrantPermissions":true,"platformName":"Android","udid":"357787091304114","deviceName":"SHARP SH-04L (Android 11)","platform":"ANDROID","systemPort":8237},"capabilities":{"firstMatch":[{"appium:appActivity":".Settings","appium:appPackage":"com.android.settings","appium:autoGrantPermissions":true,"appium:automationName":"uiautomator2","appium:deviceName":"SHARP SH-04L (Android 11)","appium:newCommandTimeout":1800,"platform":"ANDROID","platformName":"android","appium:platformVersion":"11","appium:systemPort":8237,"appium:udid":"357787091304114"}]}}[39m
[35m[BaseDriver][39m The following capabilities are not standard capabilities and should have an extension prefix:
[35m[BaseDriver][39m   platform
[35m[BaseDriver][39m   chromedriverPort
[35m[Appium][39m Appium v1.22.3 creating new AndroidUiautomator2Driver (v1.70.1) session
[35m[BaseDriver][39m The following capabilities were provided, but are not recognized by Appium:
[35m[BaseDriver][39m   platform
[35m[BaseDriver][39m Session created with session id: 1e0ca99d-15dc-4b05-9490-f3acdaf911c3
[35m[UiAutomator2][39m Starting 'com.android.settings' directly on the device
[35m[ADB][39m Found 1 'build-tools' folders under 'C:\Users\abyad\.katalon\tools\android_sdk' (newest first):
[35m[ADB][39m     C:/Users/abyad/.katalon/tools/android_sdk/build-tools/29.0.3
[35m[ADB][39m Using 'adb.exe' from 'C:\Users\abyad\.katalon\tools\android_sdk\platform-tools\adb.exe'
[35m[AndroidDriver][39m Retrieving device list
[35m[AndroidDriver][39m Using device: 357787091304114
[35m[ADB][39m Using 'adb.exe' from 'C:\Users\abyad\.katalon\tools\android_sdk\platform-tools\adb.exe'
[35m[ADB][39m Getting device platform version
[35m[UiAutomator2][39m Relaxing hidden api policy
[35m[AndroidDriver][39m No app sent in, not parsing package/activity
[35m[ADB][39m Using 'apksigner.jar' from 'C:\Users\abyad\.katalon\tools\android_sdk\build-tools\29.0.3\lib\apksigner.jar'
[35m[ADB][39m 'C:\Users\abyad\AppData\Roaming\npm\node_modules\appium\node_modules\appium-uiautomator2-server\apks\appium-uiautomator2-server-v4.27.0.apk' is signed with the default certificate
[35m[ADB][39m 'C:\Users\abyad\AppData\Roaming\npm\node_modules\appium\node_modules\appium-uiautomator2-server\apks\appium-uiautomator2-server-debug-androidTest.apk' is signed with the default certificate
[35m[UiAutomator2][39m Server packages are not going to be (re)installed
[35m[ADB][39m Adding packages ["io.appium.settings","io.appium.uiautomator2.server","io.appium.uiautomator2.server.test"] to Doze whitelist
[35m[UiAutomator2][39m Starting UIAutomator2 server 4.27.0
[35m[UiAutomator2][39m Using UIAutomator2 server from 'C:\Users\abyad\AppData\Roaming\npm\node_modules\appium\node_modules\appium-uiautomator2-server\apks\appium-uiautomator2-server-v4.27.0.apk' and test from 'C:\Users\abyad\AppData\Roaming\npm\node_modules\appium\node_modules\appium-uiautomator2-server\apks\appium-uiautomator2-server-debug-androidTest.apk'
[35m[UiAutomator2][39m Waiting up to 30000ms for UiAutomator2 to be online...
[35m[WD Proxy][39m socket hang up
[35m[WD Proxy][39m socket hang up
[35m[WD Proxy][39m socket hang up
[35m[WD Proxy][39m Determined the downstream protocol as 'W3C'
[35m[AndroidDriver][39m Screen already unlocked, doing nothing
[35m[UiAutomator2][39m Starting 'com.android.settings/.Settings and waiting for 'com.android.settings/.Settings'
[35m[Appium][39m New AndroidUiautomator2Driver session created successfully, session 1e0ca99d-15dc-4b05-9490-f3acdaf911c3 added to master session list
[35m[HTTP][39m [37m<-- POST /wd/hub/session [39m[32m200[39m [90m10776 ms - 1164[39m
[35m[HTTP][39m [90m[39m
[35m[HTTP][39m [37m-->[39m [37mGET[39m [37m/wd/hub/session/1e0ca99d-15dc-4b05-9490-f3acdaf911c3[39m
[35m[HTTP][39m [90m{}[39m
[35m[HTTP][39m [37m<-- GET /wd/hub/session/1e0ca99d-15dc-4b05-9490-f3acdaf911c3 [39m[32m200[39m [90m17 ms - 1118[39m
[35m[HTTP][39m [90m[39m
[35m[HTTP][39m [37m-->[39m [37mGET[39m [37m/wd/hub/session/1e0ca99d-15dc-4b05-9490-f3acdaf911c3[39m
[35m[HTTP][39m [90m{}[39m
[35m[HTTP][39m [37m<-- GET /wd/hub/session/1e0ca99d-15dc-4b05-9490-f3acdaf911c3 [39m[32m200[39m [90m14 ms - 1118[39m
[35m[HTTP][39m [90m[39m
[35m[HTTP][39m [37m-->[39m [37mGET[39m [37m/wd/hub/status[39m
[35m[HTTP][39m [90m{}[39m
[35m[HTTP][39m [37m<-- GET /wd/hub/status [39m[32m200[39m [90m1 ms - 68[39m
[35m[HTTP][39m [90m[39m
[35m[HTTP][39m [37m-->[39m [37mPOST[39m [37m/wd/hub/session/1e0ca99d-15dc-4b05-9490-f3acdaf911c3/timeouts[39m
[35m[HTTP][39m [90m{"implicit":60000}[39m
[35m[HTTP][39m [37m<-- POST /wd/hub/session/1e0ca99d-15dc-4b05-9490-f3acdaf911c3/timeouts [39m[32m200[39m [90m3 ms - 14[39m
[35m[HTTP][39m [90m[39m
[35m[HTTP][39m [37m-->[39m [37mGET[39m [37m/wd/hub/session/1e0ca99d-15dc-4b05-9490-f3acdaf911c3/screenshot[39m
[35m[HTTP][39m [90m{}[39m
[35m[HTTP][39m [37m<-- GET /wd/hub/session/1e0ca99d-15dc-4b05-9490-f3acdaf911c3/screenshot [39m[32m200[39m [90m392 ms - 297000[39m
[35m[HTTP][39m [90m[39m
[35m[HTTP][39m [37m-->[39m [37mGET[39m [37m/wd/hub/session/1e0ca99d-15dc-4b05-9490-f3acdaf911c3/window/rect[39m
[35m[HTTP][39m [90m{}[39m
[35m[HTTP][39m [37m<-- GET /wd/hub/session/1e0ca99d-15dc-4b05-9490-f3acdaf911c3/window/rect [39m[32m200[39m [90m17 ms - 50[39m
[35m[HTTP][39m [90m[39m
[35m[HTTP][39m [37m-->[39m [37mGET[39m [37m/wd/hub/session/1e0ca99d-15dc-4b05-9490-f3acdaf911c3/appium/device/system_bars[39m
[35m[HTTP][39m [90m{}[39m
[35m[HTTP][39m [37m<-- GET /wd/hub/session/1e0ca99d-15dc-4b05-9490-f3acdaf911c3/appium/device/system_bars [39m[32m200[39m [90m113 ms - 149[39m
[35m[HTTP][39m [90m[39m
[35m[HTTP][39m [37m-->[39m [37mPOST[39m [37m/wd/hub/session/1e0ca99d-15dc-4b05-9490-f3acdaf911c3/appium/device/activate_app[39m
[35m[HTTP][39m [90m{"bundleId":"com.tokopedia.tkpd"}[39m
[35m[HTTP][39m [37m<-- POST /wd/hub/session/1e0ca99d-15dc-4b05-9490-f3acdaf911c3/appium/device/activate_app [39m[32m200[39m [90m274 ms - 14[39m
[35m[HTTP][39m [90m[39m
[35m[HTTP][39m [37m-->[39m [37mGET[39m [37m/wd/hub/session/1e0ca99d-15dc-4b05-9490-f3acdaf911c3/source[39m
[35m[HTTP][39m [90m{}[39m
[35m[W3C (1e0ca99d)][39m Driver proxy active, passing request on via HTTP proxy
[35m[WD Proxy][39m Replacing sessionId c684e7fa-4b73-4b6e-bfc3-f71171c7dca1 with 1e0ca99d-15dc-4b05-9490-f3acdaf911c3
[35m[HTTP][39m [37m<-- GET /wd/hub/session/1e0ca99d-15dc-4b05-9490-f3acdaf911c3/source [39m[32m200[39m [90m529 ms - 30316[39m
[35m[HTTP][39m [90m[39m
[35m[HTTP][39m [37m-->[39m [37mGET[39m [37m/wd/hub/session/1e0ca99d-15dc-4b05-9490-f3acdaf911c3/screenshot[39m
[35m[HTTP][39m [90m{}[39m
[35m[HTTP][39m [37m<-- GET /wd/hub/session/1e0ca99d-15dc-4b05-9490-f3acdaf911c3/screenshot [39m[32m200[39m [90m1303 ms - 2245506[39m
[35m[HTTP][39m [90m[39m
[35m[HTTP][39m [37m-->[39m [37mGET[39m [37m/wd/hub/session/1e0ca99d-15dc-4b05-9490-f3acdaf911c3/source[39m
[35m[HTTP][39m [90m{}[39m
[35m[W3C (1e0ca99d)][39m Driver proxy active, passing request on via HTTP proxy
[35m[WD Proxy][39m Replacing sessionId c684e7fa-4b73-4b6e-bfc3-f71171c7dca1 with 1e0ca99d-15dc-4b05-9490-f3acdaf911c3
[35m[HTTP][39m [37m<-- GET /wd/hub/session/1e0ca99d-15dc-4b05-9490-f3acdaf911c3/source [39m[32m200[39m [90m93 ms - 11746[39m
[35m[HTTP][39m [90m[39m
[35m[HTTP][39m [37m-->[39m [37mGET[39m [37m/wd/hub/session/1e0ca99d-15dc-4b05-9490-f3acdaf911c3/screenshot[39m
[35m[HTTP][39m [90m{}[39m
[35m[HTTP][39m [37m<-- GET /wd/hub/session/1e0ca99d-15dc-4b05-9490-f3acdaf911c3/screenshot [39m[32m200[39m [90m712 ms - 845270[39m
[35m[HTTP][39m [90m[39m
[35m[HTTP][39m [37m-->[39m [37mPOST[39m [37m/wd/hub/session/1e0ca99d-15dc-4b05-9490-f3acdaf911c3/elements[39m
[35m[HTTP][39m [90m{"using":"xpath","value":"//*[@class = 'android.view.ViewGroup' and @resource-id = 'com.tokopedia.tkpd.df_base:id/layoutNavigation' and (@text = '' or . = '')]"}[39m
[35m[HTTP][39m [37m<-- POST /wd/hub/session/1e0ca99d-15dc-4b05-9490-f3acdaf911c3/elements [39m[32m200[39m [90m691 ms - 139[39m
[35m[HTTP][39m [90m[39m
[35m[HTTP][39m [37m-->[39m [37mPOST[39m [37m/wd/hub/session/1e0ca99d-15dc-4b05-9490-f3acdaf911c3/timeouts[39m
[35m[HTTP][39m [90m{"implicit":1000}[39m
[35m[HTTP][39m [37m<-- POST /wd/hub/session/1e0ca99d-15dc-4b05-9490-f3acdaf911c3/timeouts [39m[32m200[39m [90m3 ms - 14[39m
[35m[HTTP][39m [90m[39m
[35m[HTTP][39m [37m-->[39m [37mPOST[39m [37m/wd/hub/session/1e0ca99d-15dc-4b05-9490-f3acdaf911c3/elements[39m
[35m[HTTP][39m [90m{"using":"xpath","value":"//*[@class = 'android.view.ViewGroup' and @resource-id = 'com.tokopedia.tkpd.df_base:id/layoutNavigation' and (@text = '' or . = '')]"}[39m
[35m[HTTP][39m [37m<-- POST /wd/hub/session/1e0ca99d-15dc-4b05-9490-f3acdaf911c3/elements [39m[32m200[39m [90m196 ms - 139[39m
[35m[HTTP][39m [90m[39m
[35m[HTTP][39m [37m-->[39m [37mGET[39m [37m/wd/hub/session/1e0ca99d-15dc-4b05-9490-f3acdaf911c3/element/00000000-0000-01bf-ffff-ffff0000000e/location[39m
[35m[HTTP][39m [90m{}[39m
[35m[W3C (1e0ca99d)][39m Driver proxy active, passing request on via HTTP proxy
[35m[WD Proxy][39m Replacing sessionId c684e7fa-4b73-4b6e-bfc3-f71171c7dca1 with 1e0ca99d-15dc-4b05-9490-f3acdaf911c3
[35m[HTTP][39m [37m<-- GET /wd/hub/session/1e0ca99d-15dc-4b05-9490-f3acdaf911c3/element/00000000-0000-01bf-ffff-ffff0000000e/location [39m[32m200[39m [90m35 ms - 77[39m
[35m[HTTP][39m [90m[39m
[35m[HTTP][39m [37m-->[39m [37mGET[39m [37m/wd/hub/session/1e0ca99d-15dc-4b05-9490-f3acdaf911c3/element/00000000-0000-01bf-ffff-ffff0000000e/size[39m
[35m[HTTP][39m [90m{}[39m
[35m[W3C (1e0ca99d)][39m Driver proxy active, passing request on via HTTP proxy
[35m[WD Proxy][39m Replacing sessionId c684e7fa-4b73-4b6e-bfc3-f71171c7dca1 with 1e0ca99d-15dc-4b05-9490-f3acdaf911c3
[35m[HTTP][39m [37m<-- GET /wd/hub/session/1e0ca99d-15dc-4b05-9490-f3acdaf911c3/element/00000000-0000-01bf-ffff-ffff0000000e/size [39m[32m200[39m [90m32 ms - 87[39m
[35m[HTTP][39m [90m[39m
[35m[HTTP][39m [37m-->[39m [37mPOST[39m [37m/wd/hub/session/1e0ca99d-15dc-4b05-9490-f3acdaf911c3/elements[39m
[35m[HTTP][39m [90m{"using":"xpath","value":"//*[@class = 'android.widget.TextView' and (@text = 'Lewati' or . = 'Lewati') and @resource-id = 'com.tokopedia.tkpd.df_base:id/skipDynamicOnbaording']"}[39m
[35m[HTTP][39m [37m<-- POST /wd/hub/session/1e0ca99d-15dc-4b05-9490-f3acdaf911c3/elements [39m[32m200[39m [90m158 ms - 139[39m
[35m[HTTP][39m [90m[39m
[35m[HTTP][39m [37m-->[39m [37mGET[39m [37m/wd/hub/session/1e0ca99d-15dc-4b05-9490-f3acdaf911c3/source[39m
[35m[HTTP][39m [90m{}[39m
[35m[W3C (1e0ca99d)][39m Driver proxy active, passing request on via HTTP proxy
[35m[WD Proxy][39m Replacing sessionId c684e7fa-4b73-4b6e-bfc3-f71171c7dca1 with 1e0ca99d-15dc-4b05-9490-f3acdaf911c3
[35m[HTTP][39m [37m<-- GET /wd/hub/session/1e0ca99d-15dc-4b05-9490-f3acdaf911c3/source [39m[32m200[39m [90m11001 ms - 72276[39m
[35m[HTTP][39m [90m[39m
[35m[HTTP][39m [37m-->[39m [37mGET[39m [37m/wd/hub/session/1e0ca99d-15dc-4b05-9490-f3acdaf911c3/screenshot[39m
[35m[HTTP][39m [90m{}[39m
[35m[HTTP][39m [37m<-- GET /wd/hub/session/1e0ca99d-15dc-4b05-9490-f3acdaf911c3/screenshot [39m[32m200[39m [90m922 ms - 1730808[39m
[35m[HTTP][39m [90m[39m
[35m[HTTP][39m [37m-->[39m [37mPOST[39m [37m/wd/hub/session/1e0ca99d-15dc-4b05-9490-f3acdaf911c3/elements[39m
[35m[HTTP][39m [90m{"using":"xpath","value":"//*[@class = 'android.widget.ImageView' and @resource-id = 'com.tokopedia.tkpd:id/icon' and (@text = '' or . = '')]"}[39m
[35m[HTTP][39m [37m<-- POST /wd/hub/session/1e0ca99d-15dc-4b05-9490-f3acdaf911c3/elements [39m[32m200[39m [90m10435 ms - 523[39m
[35m[HTTP][39m [90m[39m
[35m[HTTP][39m [37m-->[39m [37mPOST[39m [37m/wd/hub/session/1e0ca99d-15dc-4b05-9490-f3acdaf911c3/elements[39m
[35m[HTTP][39m [90m{"using":"id","value":"com.tokopedia.tkpd:id/icon"}[39m
[35m[HTTP][39m [37m<-- POST /wd/hub/session/1e0ca99d-15dc-4b05-9490-f3acdaf911c3/elements [39m[32m200[39m [90m53 ms - 523[39m
[35m[HTTP][39m [90m[39m
[35m[HTTP][39m [37m-->[39m [37mPOST[39m [37m/wd/hub/session/1e0ca99d-15dc-4b05-9490-f3acdaf911c3/elements[39m
[35m[HTTP][39m [90m{"using":"-android uiautomator","value":"new UiSelector().className(\"android.widget.ImageView\").resourceId(\"com.tokopedia.tkpd:id/icon\")"}[39m
[35m[HTTP][39m [37m<-- POST /wd/hub/session/1e0ca99d-15dc-4b05-9490-f3acdaf911c3/elements [39m[32m200[39m [90m64 ms - 523[39m
[35m[HTTP][39m [90m[39m
[35m[HTTP][39m [37m-->[39m [37mPOST[39m [37m/wd/hub/session/1e0ca99d-15dc-4b05-9490-f3acdaf911c3/timeouts[39m
[35m[HTTP][39m [90m{"implicit":1000}[39m
[35m[HTTP][39m [37m<-- POST /wd/hub/session/1e0ca99d-15dc-4b05-9490-f3acdaf911c3/timeouts [39m[32m200[39m [90m2 ms - 14[39m
[35m[HTTP][39m [90m[39m
[35m[HTTP][39m [37m-->[39m [37mPOST[39m [37m/wd/hub/session/1e0ca99d-15dc-4b05-9490-f3acdaf911c3/elements[39m
[35m[HTTP][39m [90m{"using":"xpath","value":"//hierarchy/android.widget.FrameLayout[1]/android.widget.FrameLayout[1]/android.widget.FrameLayout[1]/android.widget.FrameLayout[1]/android.widget.FrameLayout[1]/android.widget.LinearLayout[1]/android.widget.FrameLayout[1]/android.view.ViewGroup[1]/android.widget.FrameLayout[1]/android.view.ViewGroup[1]/android.view.ViewGroup[1]/android.widget.LinearLayout[1]/android.view.ViewGroup[1]/androidx.recyclerview.widget.RecyclerView[1]/android.view.ViewGroup[4]/android.widget.FrameLayout[1]/android.widget.FrameLayout[1]/android.widget.ImageView[1]"}[39m
[35m[HTTP][39m [37m<-- POST /wd/hub/session/1e0ca99d-15dc-4b05-9490-f3acdaf911c3/elements [39m[32m200[39m [90m10343 ms - 139[39m
[35m[HTTP][39m [90m[39m
[35m[HTTP][39m [37m-->[39m [37mGET[39m [37m/wd/hub/session/1e0ca99d-15dc-4b05-9490-f3acdaf911c3/element/00000000-0000-01c0-ffff-ffff00000089/location[39m
[35m[HTTP][39m [90m{}[39m
[35m[W3C (1e0ca99d)][39m Driver proxy active, passing request on via HTTP proxy
[35m[WD Proxy][39m Replacing sessionId c684e7fa-4b73-4b6e-bfc3-f71171c7dca1 with 1e0ca99d-15dc-4b05-9490-f3acdaf911c3
[35m[HTTP][39m [37m<-- GET /wd/hub/session/1e0ca99d-15dc-4b05-9490-f3acdaf911c3/element/00000000-0000-01c0-ffff-ffff00000089/location [39m[32m200[39m [90m20193 ms - 79[39m
[35m[HTTP][39m [90m[39m
[35m[HTTP][39m [37m-->[39m [37mGET[39m [37m/wd/hub/session/1e0ca99d-15dc-4b05-9490-f3acdaf911c3/element/00000000-0000-01c0-ffff-ffff00000089/size[39m
[35m[HTTP][39m [90m{}[39m
[35m[W3C (1e0ca99d)][39m Driver proxy active, passing request on via HTTP proxy
[35m[WD Proxy][39m Replacing sessionId c684e7fa-4b73-4b6e-bfc3-f71171c7dca1 with 1e0ca99d-15dc-4b05-9490-f3acdaf911c3
[35m[HTTP][39m [37m<-- GET /wd/hub/session/1e0ca99d-15dc-4b05-9490-f3acdaf911c3/element/00000000-0000-01c0-ffff-ffff00000089/size [39m[32m200[39m [90m20264 ms - 87[39m
[35m[HTTP][39m [90m[39m
[35m[HTTP][39m [37m-->[39m [37mPOST[39m [37m/wd/hub/session/1e0ca99d-15dc-4b05-9490-f3acdaf911c3/timeouts[39m
[35m[HTTP][39m [90m{"implicit":1000}[39m
[35m[HTTP][39m [37m<-- POST /wd/hub/session/1e0ca99d-15dc-4b05-9490-f3acdaf911c3/timeouts [39m[32m200[39m [90m2 ms - 14[39m
[35m[HTTP][39m [90m[39m
[35m[HTTP][39m [37m-->[39m [37mPOST[39m [37m/wd/hub/session/1e0ca99d-15dc-4b05-9490-f3acdaf911c3/elements[39m
[35m[HTTP][39m [90m{"using":"xpath","value":"//hierarchy/android.widget.FrameLayout[1]/android.widget.FrameLayout[1]/android.widget.FrameLayout[1]/android.widget.FrameLayout[1]/android.widget.FrameLayout[1]/android.widget.LinearLayout[1]/android.widget.FrameLayout[1]/android.view.ViewGroup[1]/android.widget.FrameLayout[1]/android.view.ViewGroup[1]/android.view.ViewGroup[1]/android.widget.LinearLayout[1]/android.view.ViewGroup[1]/androidx.recyclerview.widget.RecyclerView[1]/android.view.ViewGroup[4]/android.widget.FrameLayout[1]/android.widget.FrameLayout[1]/android.widget.ImageView[1]"}[39m
[35m[HTTP][39m [37m<-- POST /wd/hub/session/1e0ca99d-15dc-4b05-9490-f3acdaf911c3/elements [39m[32m200[39m [90m10283 ms - 139[39m
[35m[HTTP][39m [90m[39m
[35m[HTTP][39m [37m-->[39m [37mGET[39m [37m/wd/hub/session/1e0ca99d-15dc-4b05-9490-f3acdaf911c3/element/00000000-0000-01c0-ffff-ffff00000089/location[39m
[35m[HTTP][39m [90m{}[39m
[35m[W3C (1e0ca99d)][39m Driver proxy active, passing request on via HTTP proxy
[35m[WD Proxy][39m Got response with status 404: {"sessionId":"c684e7fa-4b73-4b6e-bfc3-f71171c7dca1","value":{"error":"stale element reference","message":"androidx.test.uiautomator.StaleObjectException","stacktrace":"io.appium.uiautomator2.common.exceptions.StaleElementReferenceException: androidx.test.uiautomator.StaleObjectException\n\tat io.appium.uiautomator2.handler.request.SafeRequestHandler.handle(SafeRequestHandler.java:63)\n\tat io.appium.uiautomator2.server.AppiumServlet.handleRequest(AppiumServlet.java:266)\n\tat io.appium.uiautomator2.server.AppiumServlet.handleHttpRequest(AppiumServlet.java:260)\n\tat io.appium.uiautomator2.http.ServerHandler.channelRead(ServerHandler.java:68)\n\tat io.netty.channel.AbstractChannelHandlerContext.invokeChannelRead(AbstractChannelHandlerContext.java:366)\n\tat io.netty.channel.AbstractChannelHandlerContext.invokeChannelRead(AbstractChannelHandlerContext.java:352)\n\tat io.netty.channel.AbstractChannelHandlerContext.fireChannelRead(AbstractChannelHandlerContext.java:345)\n\tat io.netty.handler.codec.MessageToMe...
[35m[HTTP][39m [37m<-- GET /wd/hub/session/1e0ca99d-15dc-4b05-9490-f3acdaf911c3/element/00000000-0000-01c0-ffff-ffff00000089/location [39m[33m404[39m [90m15300 ms - 4761[39m
[35m[HTTP][39m [90m[39m
[35m[HTTP][39m [37m-->[39m [37mGET[39m [37m/wd/hub/session/1e0ca99d-15dc-4b05-9490-f3acdaf911c3/source[39m
[35m[HTTP][39m [90m{}[39m
[35m[W3C (1e0ca99d)][39m Driver proxy active, passing request on via HTTP proxy
[35m[WD Proxy][39m Replacing sessionId c684e7fa-4b73-4b6e-bfc3-f71171c7dca1 with 1e0ca99d-15dc-4b05-9490-f3acdaf911c3
[35m[HTTP][39m [37m<-- GET /wd/hub/session/1e0ca99d-15dc-4b05-9490-f3acdaf911c3/source [39m[32m200[39m [90m166 ms - 25253[39m
[35m[HTTP][39m [90m[39m
[35m[HTTP][39m [37m-->[39m [37mGET[39m [37m/wd/hub/session/1e0ca99d-15dc-4b05-9490-f3acdaf911c3/screenshot[39m
[35m[HTTP][39m [90m{}[39m
[35m[HTTP][39m [37m<-- GET /wd/hub/session/1e0ca99d-15dc-4b05-9490-f3acdaf911c3/screenshot [39m[32m200[39m [90m472 ms - 248612[39m
[35m[HTTP][39m [90m[39m
[35m[HTTP][39m [37m-->[39m [37mPOST[39m [37m/wd/hub/session/1e0ca99d-15dc-4b05-9490-f3acdaf911c3/elements[39m
[35m[HTTP][39m [90m{"using":"xpath","value":"//*[@class = 'android.widget.TextView' and (@text = 'Masuk' or . = 'Masuk') and @resource-id = 'com.tokopedia.tkpd:id/btn_login']"}[39m
[35m[HTTP][39m [37m<-- POST /wd/hub/session/1e0ca99d-15dc-4b05-9490-f3acdaf911c3/elements [39m[32m200[39m [90m155 ms - 139[39m
[35m[HTTP][39m [90m[39m
[35m[HTTP][39m [37m-->[39m [37mGET[39m [37m/wd/hub/session/1e0ca99d-15dc-4b05-9490-f3acdaf911c3/source[39m
[35m[HTTP][39m [90m{}[39m
[35m[W3C (1e0ca99d)][39m Driver proxy active, passing request on via HTTP proxy
[35m[WD Proxy][39m Replacing sessionId c684e7fa-4b73-4b6e-bfc3-f71171c7dca1 with 1e0ca99d-15dc-4b05-9490-f3acdaf911c3
[35m[HTTP][39m [37m<-- GET /wd/hub/session/1e0ca99d-15dc-4b05-9490-f3acdaf911c3/source [39m[32m200[39m [90m138 ms - 16989[39m
[35m[HTTP][39m [90m[39m
[35m[HTTP][39m [37m-->[39m [37mGET[39m [37m/wd/hub/session/1e0ca99d-15dc-4b05-9490-f3acdaf911c3/screenshot[39m
[35m[HTTP][39m [90m{}[39m
[35m[HTTP][39m [37m<-- GET /wd/hub/session/1e0ca99d-15dc-4b05-9490-f3acdaf911c3/screenshot [39m[32m200[39m [90m486 ms - 159908[39m
[35m[HTTP][39m [90m[39m
[35m[HTTP][39m [37m-->[39m [37mPOST[39m [37m/wd/hub/session/1e0ca99d-15dc-4b05-9490-f3acdaf911c3/elements[39m
[35m[HTTP][39m [90m{"using":"xpath","value":"//*[@class = 'android.widget.TextView' and (@text = 'Metode lain' or . = 'Metode lain') and @resource-id = 'com.tokopedia.tkpd:id/socmed_btn']"}[39m
[35m[HTTP][39m [37m<-- POST /wd/hub/session/1e0ca99d-15dc-4b05-9490-f3acdaf911c3/elements [39m[32m200[39m [90m1316 ms - 139[39m
[35m[HTTP][39m [90m[39m
[35m[HTTP][39m [37m-->[39m [37mGET[39m [37m/wd/hub/session/1e0ca99d-15dc-4b05-9490-f3acdaf911c3/source[39m
[35m[HTTP][39m [90m{}[39m
[35m[W3C (1e0ca99d)][39m Driver proxy active, passing request on via HTTP proxy
[35m[WD Proxy][39m Replacing sessionId c684e7fa-4b73-4b6e-bfc3-f71171c7dca1 with 1e0ca99d-15dc-4b05-9490-f3acdaf911c3
[35m[HTTP][39m [37m<-- GET /wd/hub/session/1e0ca99d-15dc-4b05-9490-f3acdaf911c3/source [39m[32m200[39m [90m80 ms - 8922[39m
[35m[HTTP][39m [90m[39m
[35m[HTTP][39m [37m-->[39m [37mGET[39m [37m/wd/hub/session/1e0ca99d-15dc-4b05-9490-f3acdaf911c3/screenshot[39m
[35m[HTTP][39m [90m{}[39m
[35m[HTTP][39m [37m<-- GET /wd/hub/session/1e0ca99d-15dc-4b05-9490-f3acdaf911c3/screenshot [39m[32m200[39m [90m490 ms - 186844[39m
[35m[HTTP][39m [90m[39m
[35m[HTTP][39m [37m-->[39m [37mPOST[39m [37m/wd/hub/session/1e0ca99d-15dc-4b05-9490-f3acdaf911c3/elements[39m
[35m[HTTP][39m [90m{"using":"xpath","value":"//*[@class = 'android.widget.TextView' and (@text = 'Google' or . = 'Google') and @resource-id = 'com.tokopedia.tkpd:id/providerName']"}[39m
[35m[HTTP][39m [37m<-- POST /wd/hub/session/1e0ca99d-15dc-4b05-9490-f3acdaf911c3/elements [39m[32m200[39m [90m87 ms - 139[39m
[35m[HTTP][39m [90m[39m
[35m[HTTP][39m [37m-->[39m [37mGET[39m [37m/wd/hub/session/1e0ca99d-15dc-4b05-9490-f3acdaf911c3/source[39m
[35m[HTTP][39m [90m{}[39m
[35m[W3C (1e0ca99d)][39m Driver proxy active, passing request on via HTTP proxy
[35m[WD Proxy][39m Replacing sessionId c684e7fa-4b73-4b6e-bfc3-f71171c7dca1 with 1e0ca99d-15dc-4b05-9490-f3acdaf911c3
[35m[HTTP][39m [37m<-- GET /wd/hub/session/1e0ca99d-15dc-4b05-9490-f3acdaf911c3/source [39m[32m200[39m [90m72 ms - 10102[39m
[35m[HTTP][39m [90m[39m
[35m[HTTP][39m [37m-->[39m [37mGET[39m [37m/wd/hub/session/1e0ca99d-15dc-4b05-9490-f3acdaf911c3/screenshot[39m
[35m[HTTP][39m [90m{}[39m
[35m[HTTP][39m [37m<-- GET /wd/hub/session/1e0ca99d-15dc-4b05-9490-f3acdaf911c3/screenshot [39m[32m200[39m [90m542 ms - 269910[39m
[35m[HTTP][39m [90m[39m
[35m[HTTP][39m [37m-->[39m [37mPOST[39m [37m/wd/hub/session/1e0ca99d-15dc-4b05-9490-f3acdaf911c3/elements[39m
[35m[HTTP][39m [90m{"using":"xpath","value":"//*[@class = 'android.widget.LinearLayout' and (@text = '' or . = '')]"}[39m
[35m[HTTP][39m [37m<-- POST /wd/hub/session/1e0ca99d-15dc-4b05-9490-f3acdaf911c3/elements [39m[32m200[39m [90m64 ms - 651[39m
[35m[HTTP][39m [90m[39m
[35m[HTTP][39m [37m-->[39m [37mPOST[39m [37m/wd/hub/session/1e0ca99d-15dc-4b05-9490-f3acdaf911c3/elements[39m
[35m[HTTP][39m [90m{"using":"-android uiautomator","value":"new UiSelector().className(\"android.widget.LinearLayout\")"}[39m
[35m[HTTP][39m [37m<-- POST /wd/hub/session/1e0ca99d-15dc-4b05-9490-f3acdaf911c3/elements [39m[32m200[39m [90m72 ms - 651[39m
[35m[HTTP][39m [90m[39m
[35m[HTTP][39m [37m-->[39m [37mPOST[39m [37m/wd/hub/session/1e0ca99d-15dc-4b05-9490-f3acdaf911c3/timeouts[39m
[35m[HTTP][39m [90m{"implicit":1000}[39m
[35m[HTTP][39m [37m<-- POST /wd/hub/session/1e0ca99d-15dc-4b05-9490-f3acdaf911c3/timeouts [39m[32m200[39m [90m1 ms - 14[39m
[35m[HTTP][39m [90m[39m
[35m[HTTP][39m [37m-->[39m [37mPOST[39m [37m/wd/hub/session/1e0ca99d-15dc-4b05-9490-f3acdaf911c3/elements[39m
[35m[HTTP][39m [90m{"using":"xpath","value":"//hierarchy/android.widget.FrameLayout[1]/android.widget.LinearLayout[1]/android.widget.FrameLayout[1]/android.widget.FrameLayout[1]/android.widget.FrameLayout[1]/android.widget.LinearLayout[1]/android.support.v7.widget.RecyclerView[1]/android.widget.LinearLayout[1]/android.widget.LinearLayout[1]"}[39m
[35m[HTTP][39m [37m<-- POST /wd/hub/session/1e0ca99d-15dc-4b05-9490-f3acdaf911c3/elements [39m[32m200[39m [90m108 ms - 139[39m
[35m[HTTP][39m [90m[39m
[35m[HTTP][39m [37m-->[39m [37mGET[39m [37m/wd/hub/session/1e0ca99d-15dc-4b05-9490-f3acdaf911c3/element/00000000-0000-01e0-ffff-ffff00000024/location[39m
[35m[HTTP][39m [90m{}[39m
[35m[W3C (1e0ca99d)][39m Driver proxy active, passing request on via HTTP proxy
[35m[WD Proxy][39m Replacing sessionId c684e7fa-4b73-4b6e-bfc3-f71171c7dca1 with 1e0ca99d-15dc-4b05-9490-f3acdaf911c3
[35m[HTTP][39m [37m<-- GET /wd/hub/session/1e0ca99d-15dc-4b05-9490-f3acdaf911c3/element/00000000-0000-01e0-ffff-ffff00000024/location [39m[32m200[39m [90m26 ms - 79[39m
[35m[HTTP][39m [90m[39m
[35m[HTTP][39m [37m-->[39m [37mGET[39m [37m/wd/hub/session/1e0ca99d-15dc-4b05-9490-f3acdaf911c3/element/00000000-0000-01e0-ffff-ffff00000024/size[39m
[35m[HTTP][39m [90m{}[39m
[35m[W3C (1e0ca99d)][39m Driver proxy active, passing request on via HTTP proxy
[35m[WD Proxy][39m Replacing sessionId c684e7fa-4b73-4b6e-bfc3-f71171c7dca1 with 1e0ca99d-15dc-4b05-9490-f3acdaf911c3
[35m[HTTP][39m [37m<-- GET /wd/hub/session/1e0ca99d-15dc-4b05-9490-f3acdaf911c3/element/00000000-0000-01e0-ffff-ffff00000024/size [39m[32m200[39m [90m20 ms - 87[39m
[35m[HTTP][39m [90m[39m
[35m[HTTP][39m [37m-->[39m [37mPOST[39m [37m/wd/hub/session/1e0ca99d-15dc-4b05-9490-f3acdaf911c3/elements[39m
[35m[HTTP][39m [90m{"using":"xpath","value":"//*[@class = 'android.widget.TextView' and (@text = 'vavivuveo@gmail.com' or . = 'vavivuveo@gmail.com') and @resource-id = 'com.google.android.gms:id/account_name']"}[39m
[35m[HTTP][39m [37m<-- POST /wd/hub/session/1e0ca99d-15dc-4b05-9490-f3acdaf911c3/elements [39m[32m200[39m [90m132 ms - 139[39m
[35m[HTTP][39m [90m[39m
[35m[HTTP][39m [37m-->[39m [37mPOST[39m [37m/wd/hub/session/1e0ca99d-15dc-4b05-9490-f3acdaf911c3/timeouts[39m
[35m[HTTP][39m [90m{"implicit":1000}[39m
[35m[HTTP][39m [37m<-- POST /wd/hub/session/1e0ca99d-15dc-4b05-9490-f3acdaf911c3/timeouts [39m[32m200[39m [90m5 ms - 14[39m
[35m[HTTP][39m [90m[39m
[35m[HTTP][39m [37m-->[39m [37mPOST[39m [37m/wd/hub/session/1e0ca99d-15dc-4b05-9490-f3acdaf911c3/elements[39m
[35m[HTTP][39m [90m{"using":"xpath","value":"//*[@class = 'android.widget.TextView' and (@text = 'vavivuveo@gmail.com' or . = 'vavivuveo@gmail.com') and @resource-id = 'com.google.android.gms:id/account_name']"}[39m
[35m[HTTP][39m [37m<-- POST /wd/hub/session/1e0ca99d-15dc-4b05-9490-f3acdaf911c3/elements [39m[32m200[39m [90m121 ms - 139[39m
[35m[HTTP][39m [90m[39m
[35m[HTTP][39m [37m-->[39m [37mGET[39m [37m/wd/hub/session/1e0ca99d-15dc-4b05-9490-f3acdaf911c3/element/00000000-0000-01e0-ffff-ffff00000026/location[39m
[35m[HTTP][39m [90m{}[39m
[35m[W3C (1e0ca99d)][39m Driver proxy active, passing request on via HTTP proxy
[35m[WD Proxy][39m Replacing sessionId c684e7fa-4b73-4b6e-bfc3-f71171c7dca1 with 1e0ca99d-15dc-4b05-9490-f3acdaf911c3
[35m[HTTP][39m [37m<-- GET /wd/hub/session/1e0ca99d-15dc-4b05-9490-f3acdaf911c3/element/00000000-0000-01e0-ffff-ffff00000026/location [39m[32m200[39m [90m23 ms - 79[39m
[35m[HTTP][39m [90m[39m
[35m[HTTP][39m [37m-->[39m [37mGET[39m [37m/wd/hub/session/1e0ca99d-15dc-4b05-9490-f3acdaf911c3/element/00000000-0000-01e0-ffff-ffff00000026/size[39m
[35m[HTTP][39m [90m{}[39m
[35m[W3C (1e0ca99d)][39m Driver proxy active, passing request on via HTTP proxy
[35m[WD Proxy][39m Replacing sessionId c684e7fa-4b73-4b6e-bfc3-f71171c7dca1 with 1e0ca99d-15dc-4b05-9490-f3acdaf911c3
[35m[HTTP][39m [37m<-- GET /wd/hub/session/1e0ca99d-15dc-4b05-9490-f3acdaf911c3/element/00000000-0000-01e0-ffff-ffff00000026/size [39m[32m200[39m [90m18 ms - 86[39m
[35m[HTTP][39m [90m[39m
[35m[HTTP][39m [37m-->[39m [37mGET[39m [37m/wd/hub/session/1e0ca99d-15dc-4b05-9490-f3acdaf911c3/source[39m
[35m[HTTP][39m [90m{}[39m
[35m[W3C (1e0ca99d)][39m Driver proxy active, passing request on via HTTP proxy
[35m[WD Proxy][39m Replacing sessionId c684e7fa-4b73-4b6e-bfc3-f71171c7dca1 with 1e0ca99d-15dc-4b05-9490-f3acdaf911c3
[35m[HTTP][39m [37m<-- GET /wd/hub/session/1e0ca99d-15dc-4b05-9490-f3acdaf911c3/source [39m[32m200[39m [90m82 ms - 9382[39m
[35m[HTTP][39m [90m[39m
[35m[HTTP][39m [37m-->[39m [37mGET[39m [37m/wd/hub/session/1e0ca99d-15dc-4b05-9490-f3acdaf911c3/screenshot[39m
[35m[HTTP][39m [90m{}[39m
[35m[HTTP][39m [37m<-- GET /wd/hub/session/1e0ca99d-15dc-4b05-9490-f3acdaf911c3/screenshot [39m[32m200[39m [90m505 ms - 147708[39m
[35m[HTTP][39m [90m[39m
[35m[HTTP][39m [37m-->[39m [37mPOST[39m [37m/wd/hub/session/1e0ca99d-15dc-4b05-9490-f3acdaf911c3/elements[39m
[35m[HTTP][39m [90m{"using":"xpath","value":"//*[@class = 'android.widget.LinearLayout' and (@text = '' or . = '')]"}[39m
[35m[HTTP][39m [37m<-- POST /wd/hub/session/1e0ca99d-15dc-4b05-9490-f3acdaf911c3/elements [39m[32m200[39m [90m119 ms - 139[39m
[35m[HTTP][39m [90m[39m
[35m[HTTP][39m [37m-->[39m [37mPOST[39m [37m/wd/hub/session/1e0ca99d-15dc-4b05-9490-f3acdaf911c3/timeouts[39m
[35m[HTTP][39m [90m{"implicit":1000}[39m
[35m[HTTP][39m [37m<-- POST /wd/hub/session/1e0ca99d-15dc-4b05-9490-f3acdaf911c3/timeouts [39m[32m200[39m [90m1 ms - 14[39m
[35m[HTTP][39m [90m[39m
[35m[HTTP][39m [37m-->[39m [37mPOST[39m [37m/wd/hub/session/1e0ca99d-15dc-4b05-9490-f3acdaf911c3/elements[39m
[35m[HTTP][39m [90m{"using":"xpath","value":"//hierarchy/android.widget.FrameLayout[1]/android.widget.FrameLayout[1]/android.widget.FrameLayout[1]/android.widget.FrameLayout[1]/android.widget.FrameLayout[1]/android.view.ViewGroup[1]/android.widget.FrameLayout[1]/android.view.ViewGroup[1]/android.widget.ScrollView[1]/android.view.ViewGroup[1]/androidx.recyclerview.widget.RecyclerView[1]/android.widget.FrameLayout[1]/android.widget.LinearLayout[1]"}[39m
[35m[HTTP][39m [37m<-- POST /wd/hub/session/1e0ca99d-15dc-4b05-9490-f3acdaf911c3/elements [39m[32m200[39m [90m287 ms - 139[39m
[35m[HTTP][39m [90m[39m
[35m[HTTP][39m [37m-->[39m [37mGET[39m [37m/wd/hub/session/1e0ca99d-15dc-4b05-9490-f3acdaf911c3/element/00000000-0000-01e7-ffff-ffff00001575/location[39m
[35m[HTTP][39m [90m{}[39m
[35m[W3C (1e0ca99d)][39m Driver proxy active, passing request on via HTTP proxy
[35m[WD Proxy][39m Replacing sessionId c684e7fa-4b73-4b6e-bfc3-f71171c7dca1 with 1e0ca99d-15dc-4b05-9490-f3acdaf911c3
[35m[HTTP][39m [37m<-- GET /wd/hub/session/1e0ca99d-15dc-4b05-9490-f3acdaf911c3/element/00000000-0000-01e7-ffff-ffff00001575/location [39m[32m200[39m [90m35 ms - 78[39m
[35m[HTTP][39m [90m[39m
[35m[HTTP][39m [37m-->[39m [37mGET[39m [37m/wd/hub/session/1e0ca99d-15dc-4b05-9490-f3acdaf911c3/element/00000000-0000-01e7-ffff-ffff00001575/size[39m
[35m[HTTP][39m [90m{}[39m
[35m[W3C (1e0ca99d)][39m Driver proxy active, passing request on via HTTP proxy
[35m[WD Proxy][39m Replacing sessionId c684e7fa-4b73-4b6e-bfc3-f71171c7dca1 with 1e0ca99d-15dc-4b05-9490-f3acdaf911c3
[35m[HTTP][39m [37m<-- GET /wd/hub/session/1e0ca99d-15dc-4b05-9490-f3acdaf911c3/element/00000000-0000-01e7-ffff-ffff00001575/size [39m[32m200[39m [90m36 ms - 88[39m
[35m[HTTP][39m [90m[39m
[35m[HTTP][39m [37m-->[39m [37mPOST[39m [37m/wd/hub/session/1e0ca99d-15dc-4b05-9490-f3acdaf911c3/elements[39m
[35m[HTTP][39m [90m{"using":"xpath","value":"//*[@class = 'android.widget.TextView' and (@text = 'E-mail ke \nv********@g****.com' or . = 'E-mail ke \nv********@g****.com') and @resource-id = 'com.tokopedia.tkpd:id/method_text']"}[39m
[35m[HTTP][39m [37m<-- POST /wd/hub/session/1e0ca99d-15dc-4b05-9490-f3acdaf911c3/elements [39m[32m200[39m [90m125 ms - 139[39m
[35m[HTTP][39m [90m[39m
[35m[HTTP][39m [37m-->[39m [37mPOST[39m [37m/wd/hub/session/1e0ca99d-15dc-4b05-9490-f3acdaf911c3/elements[39m
[35m[HTTP][39m [90m{"using":"xpath","value":"//*[@class = 'android.widget.ImageButton' and (@text = '' or . = '')]"}[39m
[35m[HTTP][39m [37m<-- POST /wd/hub/session/1e0ca99d-15dc-4b05-9490-f3acdaf911c3/elements [39m[32m200[39m [90m114 ms - 139[39m
[35m[HTTP][39m [90m[39m
[35m[HTTP][39m [37m-->[39m [37mGET[39m [37m/wd/hub/session/1e0ca99d-15dc-4b05-9490-f3acdaf911c3/source[39m
[35m[HTTP][39m [90m{}[39m
[35m[W3C (1e0ca99d)][39m Driver proxy active, passing request on via HTTP proxy
[35m[WD Proxy][39m Replacing sessionId c684e7fa-4b73-4b6e-bfc3-f71171c7dca1 with 1e0ca99d-15dc-4b05-9490-f3acdaf911c3
[35m[HTTP][39m [37m<-- GET /wd/hub/session/1e0ca99d-15dc-4b05-9490-f3acdaf911c3/source [39m[32m200[39m [90m429 ms - 21188[39m
[35m[HTTP][39m [90m[39m
[35m[HTTP][39m [37m-->[39m [37mGET[39m [37m/wd/hub/session/1e0ca99d-15dc-4b05-9490-f3acdaf911c3/screenshot[39m
[35m[HTTP][39m [90m{}[39m
[35m[HTTP][39m [37m<-- GET /wd/hub/session/1e0ca99d-15dc-4b05-9490-f3acdaf911c3/screenshot [39m[32m200[39m [90m464 ms - 150528[39m
[35m[HTTP][39m [90m[39m
[35m[HTTP][39m [37m-->[39m [37mPOST[39m [37m/wd/hub/session/1e0ca99d-15dc-4b05-9490-f3acdaf911c3/elements[39m
[35m[HTTP][39m [90m{"using":"xpath","value":"//*[@class = 'android.widget.EditText' and @resource-id = 'com.tokopedia.tkpd:id/pin_text_field' and (@text = '' or . = '')]"}[39m
[35m[HTTP][39m [37m<-- POST /wd/hub/session/1e0ca99d-15dc-4b05-9490-f3acdaf911c3/elements [39m[32m200[39m [90m656 ms - 139[39m
[35m[HTTP][39m [90m[39m
[35m[HTTP][39m [37m-->[39m [37mPOST[39m [37m/wd/hub/session/1e0ca99d-15dc-4b05-9490-f3acdaf911c3/elements[39m
[35m[HTTP][39m [90m{"using":"xpath","value":"//*[@class = 'android.widget.TextView' and (@text = '' or . = '')]"}[39m
[35m[HTTP][39m [37m<-- POST /wd/hub/session/1e0ca99d-15dc-4b05-9490-f3acdaf911c3/elements [39m[32m200[39m [90m355 ms - 1547[39m
[35m[HTTP][39m [90m[39m
[35m[HTTP][39m [37m-->[39m [37mPOST[39m [37m/wd/hub/session/1e0ca99d-15dc-4b05-9490-f3acdaf911c3/elements[39m
[35m[HTTP][39m [90m{"using":"-android uiautomator","value":"new UiSelector().className(\"android.widget.TextView\")"}[39m
[35m[HTTP][39m [37m<-- POST /wd/hub/session/1e0ca99d-15dc-4b05-9490-f3acdaf911c3/elements [39m[32m200[39m [90m210 ms - 1547[39m
[35m[HTTP][39m [90m[39m
[35m[HTTP][39m [37m-->[39m [37mPOST[39m [37m/wd/hub/session/1e0ca99d-15dc-4b05-9490-f3acdaf911c3/elements[39m
[35m[HTTP][39m [90m{"using":"xpath","value":"//*[@class = 'android.widget.EditText' and @resource-id = 'com.tokopedia.tkpd:id/pin_text_field' and (@text = '' or . = '')]"}[39m
[35m[HTTP][39m [37m<-- POST /wd/hub/session/1e0ca99d-15dc-4b05-9490-f3acdaf911c3/elements [39m[32m200[39m [90m146 ms - 139[39m
[35m[HTTP][39m [90m[39m
[35m[HTTP][39m [37m-->[39m [37mGET[39m [37m/wd/hub/session/1e0ca99d-15dc-4b05-9490-f3acdaf911c3/source[39m
[35m[HTTP][39m [90m{}[39m
[35m[W3C (1e0ca99d)][39m Driver proxy active, passing request on via HTTP proxy
[35m[WD Proxy][39m Replacing sessionId c684e7fa-4b73-4b6e-bfc3-f71171c7dca1 with 1e0ca99d-15dc-4b05-9490-f3acdaf911c3
[35m[HTTP][39m [37m<-- GET /wd/hub/session/1e0ca99d-15dc-4b05-9490-f3acdaf911c3/source [39m[32m200[39m [90m89 ms - 8383[39m
[35m[HTTP][39m [90m[39m
[35m[HTTP][39m [37m-->[39m [37mGET[39m [37m/wd/hub/session/1e0ca99d-15dc-4b05-9490-f3acdaf911c3/screenshot[39m
[35m[HTTP][39m [90m{}[39m
[35m[HTTP][39m [37m<-- GET /wd/hub/session/1e0ca99d-15dc-4b05-9490-f3acdaf911c3/screenshot [39m[32m200[39m [90m573 ms - 515134[39m
[35m[HTTP][39m [90m[39m
[35m[HTTP][39m [37m-->[39m [37mPOST[39m [37m/wd/hub/session/1e0ca99d-15dc-4b05-9490-f3acdaf911c3/elements[39m
[35m[HTTP][39m [90m{"using":"xpath","value":"//*[@class = 'android.widget.ImageButton' and (@text = '' or . = '')]"}[39m
[35m[HTTP][39m [37m<-- POST /wd/hub/session/1e0ca99d-15dc-4b05-9490-f3acdaf911c3/elements [39m[32m200[39m [90m75 ms - 139[39m
[35m[HTTP][39m [90m[39m
[35m[HTTP][39m [37m-->[39m [37mPOST[39m [37m/wd/hub/session/1e0ca99d-15dc-4b05-9490-f3acdaf911c3/elements[39m
[35m[HTTP][39m [90m{"using":"xpath","value":"//*[@class = 'android.widget.ImageButton' and (@text = '' or . = '')]"}[39m
[35m[HTTP][39m [37m<-- POST /wd/hub/session/1e0ca99d-15dc-4b05-9490-f3acdaf911c3/elements [39m[32m200[39m [90m82 ms - 139[39m
[35m[HTTP][39m [90m[39m
[35m[BaseDriver][39m Shutting down because we waited 1800 seconds for a command
[35m[Appium][39m Closing session, cause was 'New Command Timeout of 1800 seconds expired. Try customizing the timeout using the 'newCommandTimeout' desired capability'
[35m[Appium][39m Removing session '1e0ca99d-15dc-4b05-9490-f3acdaf911c3' from our master session list
[35m[UiAutomator2][39m Did not get confirmation UiAutomator2 deleteSession worked; Error was: UnknownError: An unknown server-side error occurred while processing the command. Original error: 'DELETE /' cannot be proxied to UiAutomator2 server because the instrumentation process is not running (probably crashed). Check the server log and/or the logcat output for more details
[35m[UiAutomator2][39m Restoring hidden api policy to the device default configuration
